<?xml version="1.0" encoding="UTF-8"?>
<testng-results ignored="0" total="1" passed="1" failed="0" skipped="0">
  <reporter-output>
  </reporter-output>
  <suite started-at="2022-06-07T13:36:26 CDT" name="Suite" finished-at="2022-06-07T13:36:34 CDT" duration-ms="7952">
    <groups>
    </groups>
    <test started-at="2022-06-07T13:36:26 CDT" name="Test" finished-at="2022-06-07T13:36:34 CDT" duration-ms="7952">
      <class name="com.selFrameWorkItlearn.testCases.TestItLearnTestCases">
        <test-method is-config="true" signature="setUpSuite()[pri:0, instance:com.selFrameWorkItlearn.testCases.TestItLearnTestCases@67a20f67]" started-at="2022-06-07T13:36:25 CDT" name="setUpSuite" finished-at="2022-06-07T13:36:26 CDT" duration-ms="519" status="PASS">
          <reporter-output>
          </reporter-output>
        </test-method> <!-- setUpSuite -->
        <test-method is-config="true" signature="setUp()[pri:0, instance:com.selFrameWorkItlearn.testCases.TestItLearnTestCases@67a20f67]" started-at="2022-06-07T13:36:26 CDT" name="setUp" finished-at="2022-06-07T13:36:31 CDT" duration-ms="5539" status="PASS">
          <reporter-output>
          </reporter-output>
        </test-method> <!-- setUp -->
        <test-method signature="loginItLearn()[pri:1, instance:com.selFrameWorkItlearn.testCases.TestItLearnTestCases@67a20f67]" started-at="2022-06-07T13:36:31 CDT" name="loginItLearn" finished-at="2022-06-07T13:36:34 CDT" duration-ms="2137" status="PASS">
          <reporter-output>
          </reporter-output>
        </test-method> <!-- loginItLearn -->
        <test-method is-config="true" signature="tearDown()[pri:0, instance:com.selFrameWorkItlearn.testCases.TestItLearnTestCases@67a20f67]" started-at="2022-06-07T13:36:34 CDT" name="tearDown" finished-at="2022-06-07T13:36:34 CDT" duration-ms="244" status="PASS">
          <reporter-output>
          </reporter-output>
        </test-method> <!-- tearDown -->
      </class> <!-- com.selFrameWorkItlearn.testCases.TestItLearnTestCases -->
    </test> <!-- Test -->
  </suite> <!-- Suite -->
</testng-results>
